<?xml version="1.0" encoding="UTF-8"?>
<testng-results skipped="0" failed="0" total="1" passed="1">
  <reporter-output>
  </reporter-output>
  <suite name="Default suite" duration-ms="6254" started-at="2016-12-05T18:04:00Z" finished-at="2016-12-05T18:04:07Z">
    <groups>
    </groups>
    <test name="Default test" duration-ms="6254" started-at="2016-12-05T18:04:00Z" finished-at="2016-12-05T18:04:07Z">
      <class name="TestCases.LogInLogOut">
        <test-method status="PASS" signature="logIn()[pri:0, instance:TestCases.LogInLogOut@1649b0e6]" name="logIn" is-config="true" duration-ms="2468" started-at="2016-12-05T19:04:00Z" finished-at="2016-12-05T19:04:03Z">
          <reporter-output>
          </reporter-output>
        </test-method> <!-- logIn -->
        <test-method status="PASS" signature="LogOut()[pri:0, instance:TestCases.LogInLogOut@1649b0e6]" name="LogOut" duration-ms="3416" started-at="2016-12-05T19:04:03Z" finished-at="2016-12-05T19:04:06Z">
          <reporter-output>
          </reporter-output>
        </test-method> <!-- LogOut -->
        <test-method status="PASS" signature="quit()[pri:0, instance:TestCases.LogInLogOut@1649b0e6]" name="quit" is-config="true" duration-ms="327" started-at="2016-12-05T19:04:06Z" finished-at="2016-12-05T19:04:07Z">
          <reporter-output>
          </reporter-output>
        </test-method> <!-- quit -->
      </class> <!-- TestCases.LogInLogOut -->
    </test> <!-- Default test -->
  </suite> <!-- Default suite -->
</testng-results>
