<?xml version="1.0" encoding="UTF-8"?>
<testng-results skipped="0" failed="0" total="1" passed="1">
  <reporter-output>
  </reporter-output>
  <suite name="Default suite" duration-ms="2171" started-at="2016-12-04T11:38:30Z" finished-at="2016-12-04T11:38:32Z">
    <groups>
    </groups>
    <test name="Default test" duration-ms="2171" started-at="2016-12-04T11:38:30Z" finished-at="2016-12-04T11:38:32Z">
      <class name="TestCases.LogIn">
        <test-method status="PASS" signature="logIn()[pri:0, instance:TestCases.LogIn@2892dae4]" name="logIn" duration-ms="2137" started-at="2016-12-04T12:38:30Z" finished-at="2016-12-04T12:38:32Z">
          <reporter-output>
          </reporter-output>
        </test-method> <!-- logIn -->
      </class> <!-- TestCases.LogIn -->
    </test> <!-- Default test -->
  </suite> <!-- Default suite -->
</testng-results>
